<?xml version="1.0" encoding="UTF-8"?>
<!-- Generated by org.testng.reporters.JUnitXMLReporter -->
<testsuite hostname="ChethanBidare-pc" ignored="0" name="Default test" tests="13" failures="0" timestamp="04 Aug 2018 09:27:33 GMT" time="125.379" errors="0">
  <testcase name="verifyBranchName" time="35.295" classname="com.c2info.EG360_SalesReportsTCs.TC_008_VerifySalesReportForToday_SalesReturn"/>
  <testcase name="verifyBranchShortName" time="6.354" classname="com.c2info.EG360_SalesReportsTCs.TC_008_VerifySalesReportForToday_SalesReturn"/>
  <testcase name="verifyBranchWiseNumberOfInvoices" time="6.37" classname="com.c2info.EG360_SalesReportsTCs.TC_008_VerifySalesReportForToday_SalesReturn"/>
  <testcase name="verifyBranchwiseNumberOfCustomers" time="6.318" classname="com.c2info.EG360_SalesReportsTCs.TC_008_VerifySalesReportForToday_SalesReturn"/>
  <testcase name="verifyBranchwiseDiscAmount" time="6.307" classname="com.c2info.EG360_SalesReportsTCs.TC_008_VerifySalesReportForToday_SalesReturn"/>
  <testcase name="verifyBranchwiseInvoiceValAfterDisc" time="6.463" classname="com.c2info.EG360_SalesReportsTCs.TC_008_VerifySalesReportForToday_SalesReturn"/>
  <testcase name="verifyBranchwiseInvoiceValTax" time="6.569" classname="com.c2info.EG360_SalesReportsTCs.TC_008_VerifySalesReportForToday_SalesReturn"/>
  <testcase name="verifyBranchwiseTaxAmount" time="6.576" classname="com.c2info.EG360_SalesReportsTCs.TC_008_VerifySalesReportForToday_SalesReturn"/>
  <testcase name="verifyBranchwiseCGSTAmount" time="6.664" classname="com.c2info.EG360_SalesReportsTCs.TC_008_VerifySalesReportForToday_SalesReturn"/>
  <testcase name="verifyBranchwiseSGSTAmount" time="6.436" classname="com.c2info.EG360_SalesReportsTCs.TC_008_VerifySalesReportForToday_SalesReturn"/>
  <testcase name="verifyBranchwiseIGSTAmount" time="6.552" classname="com.c2info.EG360_SalesReportsTCs.TC_008_VerifySalesReportForToday_SalesReturn"/>
  <testcase name="verifyBranchwiseCessAmount" time="6.163" classname="com.c2info.EG360_SalesReportsTCs.TC_008_VerifySalesReportForToday_SalesReturn"/>
  <testcase name="verifyBranchwiseServiceChargeAmount" time="6.968" classname="com.c2info.EG360_SalesReportsTCs.TC_008_VerifySalesReportForToday_SalesReturn"/>
</testsuite> <!-- Default test -->
