<?xml version="1.0" encoding="UTF-8"?>
<!-- Generated by org.testng.reporters.JUnitXMLReporter -->
<testsuite hostname="ChethanBidare-pc" ignored="0" name="Test" tests="91" failures="34" timestamp="06 Aug 2018 05:19:35 GMT" time="717.278" errors="0">
  <testcase name="verifyBranchName" time="29.472" classname="com.c2info.EG360_SalesReportsTCs.TC_008_VerifySalesReportForToday_SalesReturn"/>
  <testcase name="verifyBranchShortName" time="6.967" classname="com.c2info.EG360_SalesReportsTCs.TC_008_VerifySalesReportForToday_SalesReturn"/>
  <testcase name="verifyBranchWiseNumberOfInvoices" time="6.971" classname="com.c2info.EG360_SalesReportsTCs.TC_008_VerifySalesReportForToday_SalesReturn"/>
  <testcase name="verifyBranchwiseNumberOfCustomers" time="6.792" classname="com.c2info.EG360_SalesReportsTCs.TC_008_VerifySalesReportForToday_SalesReturn"/>
  <testcase name="verifyBranchwiseDiscAmount" time="6.984" classname="com.c2info.EG360_SalesReportsTCs.TC_008_VerifySalesReportForToday_SalesReturn"/>
  <testcase name="verifyBranchwiseInvoiceValAfterDisc" time="7.014" classname="com.c2info.EG360_SalesReportsTCs.TC_008_VerifySalesReportForToday_SalesReturn"/>
  <testcase name="verifyBranchwiseInvoiceValTax" time="6.836" classname="com.c2info.EG360_SalesReportsTCs.TC_008_VerifySalesReportForToday_SalesReturn"/>
  <testcase name="verifyBranchwiseTaxAmount" time="7.0" classname="com.c2info.EG360_SalesReportsTCs.TC_008_VerifySalesReportForToday_SalesReturn"/>
  <testcase name="verifyBranchwiseCGSTAmount" time="6.613" classname="com.c2info.EG360_SalesReportsTCs.TC_008_VerifySalesReportForToday_SalesReturn"/>
  <testcase name="verifyBranchwiseSGSTAmount" time="7.002" classname="com.c2info.EG360_SalesReportsTCs.TC_008_VerifySalesReportForToday_SalesReturn"/>
  <testcase name="verifyBranchwiseIGSTAmount" time="6.553" classname="com.c2info.EG360_SalesReportsTCs.TC_008_VerifySalesReportForToday_SalesReturn"/>
  <testcase name="verifyBranchwiseCessAmount" time="7.071" classname="com.c2info.EG360_SalesReportsTCs.TC_008_VerifySalesReportForToday_SalesReturn"/>
  <testcase name="verifyBranchwiseServiceChargeAmount" time="8.107" classname="com.c2info.EG360_SalesReportsTCs.TC_008_VerifySalesReportForToday_SalesReturn"/>
  <testcase name="verifyBranchName" time="28.225" classname="com.c2info.EG360_SalesReportsTCs.TC_009_VerifySalesReportForYesterday_SalesReturn"/>
  <testcase name="verifyBranchShortName" time="7.181" classname="com.c2info.EG360_SalesReportsTCs.TC_009_VerifySalesReportForYesterday_SalesReturn"/>
  <testcase name="verifyBranchWiseNumberOfInvoices" time="6.472" classname="com.c2info.EG360_SalesReportsTCs.TC_009_VerifySalesReportForYesterday_SalesReturn"/>
  <testcase name="verifyBranchwiseNumberOfCustomers" time="6.837" classname="com.c2info.EG360_SalesReportsTCs.TC_009_VerifySalesReportForYesterday_SalesReturn"/>
  <testcase name="verifyBranchwiseDiscAmount" time="7.348" classname="com.c2info.EG360_SalesReportsTCs.TC_009_VerifySalesReportForYesterday_SalesReturn"/>
  <testcase name="verifyBranchwiseInvoiceValAfterDisc" time="6.981" classname="com.c2info.EG360_SalesReportsTCs.TC_009_VerifySalesReportForYesterday_SalesReturn"/>
  <testcase name="verifyBranchwiseInvoiceValTax" time="6.684" classname="com.c2info.EG360_SalesReportsTCs.TC_009_VerifySalesReportForYesterday_SalesReturn"/>
  <testcase name="verifyBranchwiseTaxAmount" time="3.013" classname="com.c2info.EG360_SalesReportsTCs.TC_009_VerifySalesReportForYesterday_SalesReturn">
    <failure type="java.lang.AssertionError" message="expected [5887.38] but found [5869.93]">
      <![CDATA[java.lang.AssertionError: expected [5887.38] but found [5869.93]
	at com.c2info.EG360_SalesReportsTCs.TC_009_VerifySalesReportForYesterday_SalesReturn.verifyBranchwiseTaxAmount(TC_009_VerifySalesReportForYesterday_SalesReturn.java:231)
... Removed 30 stack frames]]>
    </failure>
  </testcase> <!-- verifyBranchwiseTaxAmount -->
  <testcase name="verifyBranchwiseCGSTAmount" time="6.583" classname="com.c2info.EG360_SalesReportsTCs.TC_009_VerifySalesReportForYesterday_SalesReturn"/>
  <testcase name="verifyBranchwiseSGSTAmount" time="7.421" classname="com.c2info.EG360_SalesReportsTCs.TC_009_VerifySalesReportForYesterday_SalesReturn"/>
  <testcase name="verifyBranchwiseIGSTAmount" time="7.096" classname="com.c2info.EG360_SalesReportsTCs.TC_009_VerifySalesReportForYesterday_SalesReturn"/>
  <testcase name="verifyBranchwiseCessAmount" time="6.865" classname="com.c2info.EG360_SalesReportsTCs.TC_009_VerifySalesReportForYesterday_SalesReturn"/>
  <testcase name="verifyBranchwiseServiceChargeAmount" time="6.718" classname="com.c2info.EG360_SalesReportsTCs.TC_009_VerifySalesReportForYesterday_SalesReturn"/>
  <testcase name="verifyBranchName" time="26.904" classname="com.c2info.EG360_SalesReportsTCs.TC_010_VerifySalesReportForLastWeek_SalesReturn"/>
  <testcase name="verifyBranchShortName" time="5.16" classname="com.c2info.EG360_SalesReportsTCs.TC_010_VerifySalesReportForLastWeek_SalesReturn"/>
  <testcase name="verifyBranchWiseNumberOfInvoices" time="3.038" classname="com.c2info.EG360_SalesReportsTCs.TC_010_VerifySalesReportForLastWeek_SalesReturn">
    <failure type="java.lang.AssertionError" message="expected [179] but found [291]">
      <![CDATA[java.lang.AssertionError: expected [179] but found [291]
	at com.c2info.EG360_SalesReportsTCs.TC_010_VerifySalesReportForLastWeek_SalesReturn.verifyBranchWiseNumberOfInvoices(TC_010_VerifySalesReportForLastWeek_SalesReturn.java:95)
... Removed 31 stack frames]]>
    </failure>
  </testcase> <!-- verifyBranchWiseNumberOfInvoices -->
  <testcase name="verifyBranchwiseNumberOfCustomers" time="4.704" classname="com.c2info.EG360_SalesReportsTCs.TC_010_VerifySalesReportForLastWeek_SalesReturn"/>
  <testcase name="verifyBranchwiseDiscAmount" time="3.381" classname="com.c2info.EG360_SalesReportsTCs.TC_010_VerifySalesReportForLastWeek_SalesReturn">
    <failure type="java.lang.AssertionError" message="expected [1064.76] but found [1754.06]">
      <![CDATA[java.lang.AssertionError: expected [1064.76] but found [1754.06]
	at com.c2info.EG360_SalesReportsTCs.TC_010_VerifySalesReportForLastWeek_SalesReturn.verifyBranchwiseDiscAmount(TC_010_VerifySalesReportForLastWeek_SalesReturn.java:143)
... Removed 30 stack frames]]>
    </failure>
  </testcase> <!-- verifyBranchwiseDiscAmount -->
  <testcase name="verifyBranchwiseInvoiceValAfterDisc" time="3.332" classname="com.c2info.EG360_SalesReportsTCs.TC_010_VerifySalesReportForLastWeek_SalesReturn">
    <failure type="java.lang.AssertionError" message="expected [179691.44] but found [279797.64]">
      <![CDATA[java.lang.AssertionError: expected [179691.44] but found [279797.64]
	at com.c2info.EG360_SalesReportsTCs.TC_010_VerifySalesReportForLastWeek_SalesReturn.verifyBranchwiseInvoiceValAfterDisc(TC_010_VerifySalesReportForLastWeek_SalesReturn.java:168)
... Removed 30 stack frames]]>
    </failure>
  </testcase> <!-- verifyBranchwiseInvoiceValAfterDisc -->
  <testcase name="verifyBranchwiseInvoiceValTax" time="3.041" classname="com.c2info.EG360_SalesReportsTCs.TC_010_VerifySalesReportForLastWeek_SalesReturn">
    <failure type="java.lang.AssertionError" message="expected [201012.65] but found [312315.34]">
      <![CDATA[java.lang.AssertionError: expected [201012.65] but found [312315.34]
	at com.c2info.EG360_SalesReportsTCs.TC_010_VerifySalesReportForLastWeek_SalesReturn.verifyBranchwiseInvoiceValTax(TC_010_VerifySalesReportForLastWeek_SalesReturn.java:193)
... Removed 30 stack frames]]>
    </failure>
  </testcase> <!-- verifyBranchwiseInvoiceValTax -->
  <testcase name="verifyBranchwiseTaxAmount" time="3.26" classname="com.c2info.EG360_SalesReportsTCs.TC_010_VerifySalesReportForLastWeek_SalesReturn">
    <failure type="java.lang.AssertionError" message="expected [21321.21] but found [32493.97]">
      <![CDATA[java.lang.AssertionError: expected [21321.21] but found [32493.97]
	at com.c2info.EG360_SalesReportsTCs.TC_010_VerifySalesReportForLastWeek_SalesReturn.verifyBranchwiseTaxAmount(TC_010_VerifySalesReportForLastWeek_SalesReturn.java:218)
... Removed 30 stack frames]]>
    </failure>
  </testcase> <!-- verifyBranchwiseTaxAmount -->
  <testcase name="verifyBranchwiseCGSTAmount" time="3.447" classname="com.c2info.EG360_SalesReportsTCs.TC_010_VerifySalesReportForLastWeek_SalesReturn">
    <failure type="java.lang.AssertionError" message="expected [10247.63] but found [15796.38]">
      <![CDATA[java.lang.AssertionError: expected [10247.63] but found [15796.38]
	at com.c2info.EG360_SalesReportsTCs.TC_010_VerifySalesReportForLastWeek_SalesReturn.verifyBranchwiseCGSTAmount(TC_010_VerifySalesReportForLastWeek_SalesReturn.java:243)
... Removed 30 stack frames]]>
    </failure>
  </testcase> <!-- verifyBranchwiseCGSTAmount -->
  <testcase name="verifyBranchwiseSGSTAmount" time="3.148" classname="com.c2info.EG360_SalesReportsTCs.TC_010_VerifySalesReportForLastWeek_SalesReturn">
    <failure type="java.lang.AssertionError" message="expected [10247.63] but found [15796.38]">
      <![CDATA[java.lang.AssertionError: expected [10247.63] but found [15796.38]
	at com.c2info.EG360_SalesReportsTCs.TC_010_VerifySalesReportForLastWeek_SalesReturn.verifyBranchwiseSGSTAmount(TC_010_VerifySalesReportForLastWeek_SalesReturn.java:268)
... Removed 30 stack frames]]>
    </failure>
  </testcase> <!-- verifyBranchwiseSGSTAmount -->
  <testcase name="verifyBranchwiseIGSTAmount" time="3.105" classname="com.c2info.EG360_SalesReportsTCs.TC_010_VerifySalesReportForLastWeek_SalesReturn">
    <failure type="java.sql.SQLSyntaxErrorException" message="You have an error in your SQL syntax; check the manual that corresponds to your MySQL server version for the right syntax to use near &amp;apos;d_date&amp;gt;=&amp;apos;2018-07-29&amp;apos; and d_date&amp;lt;=&amp;apos;2018-08-04&amp;apos; and n_cancel_flag=0&amp;apos; at line 1">
      <![CDATA[java.sql.SQLSyntaxErrorException: You have an error in your SQL syntax; check the manual that corresponds to your MySQL server version for the right syntax to use near 'd_date>='2018-07-29' and d_date<='2018-08-04' and n_cancel_flag=0' at line 1
	at com.mysql.cj.jdbc.exceptions.SQLError.createSQLException(SQLError.java:118)
	at com.mysql.cj.jdbc.exceptions.SQLError.createSQLException(SQLError.java:95)
	at com.mysql.cj.jdbc.exceptions.SQLExceptionsMapping.translateException(SQLExceptionsMapping.java:122)
	at com.mysql.cj.jdbc.StatementImpl.executeQuery(StatementImpl.java:1247)
	at com.c2info.EG360_Database.Database.getData(Database.java:34)
	at com.c2info.EG360_SalesReportsTCs.TC_010_VerifySalesReportForLastWeek_SalesReturn.verifyBranchwiseIGSTAmount(TC_010_VerifySalesReportForLastWeek_SalesReturn.java:286)
... Removed 25 stack frames]]>
    </failure>
  </testcase> <!-- verifyBranchwiseIGSTAmount -->
  <testcase name="verifyBranchwiseCessAmount" time="4.96" classname="com.c2info.EG360_SalesReportsTCs.TC_010_VerifySalesReportForLastWeek_SalesReturn"/>
  <testcase name="verifyBranchwiseServiceChargeAmount" time="4.836" classname="com.c2info.EG360_SalesReportsTCs.TC_010_VerifySalesReportForLastWeek_SalesReturn"/>
  <testcase name="verifyBranchName" time="29.396" classname="com.c2info.EG360_SalesReportsTCs.TC_011_VerifySalesReportForCurrentMonth_SalesReturn"/>
  <testcase name="verifyBranchShortName" time="6.628" classname="com.c2info.EG360_SalesReportsTCs.TC_011_VerifySalesReportForCurrentMonth_SalesReturn"/>
  <testcase name="verifyBranchWiseNumberOfInvoices" time="6.74" classname="com.c2info.EG360_SalesReportsTCs.TC_011_VerifySalesReportForCurrentMonth_SalesReturn"/>
  <testcase name="verifyBranchwiseNumberOfCustomers" time="6.707" classname="com.c2info.EG360_SalesReportsTCs.TC_011_VerifySalesReportForCurrentMonth_SalesReturn"/>
  <testcase name="verifyBranchwiseDiscAmount" time="6.944" classname="com.c2info.EG360_SalesReportsTCs.TC_011_VerifySalesReportForCurrentMonth_SalesReturn"/>
  <testcase name="verifyBranchwiseInvoiceValAfterDisc" time="3.354" classname="com.c2info.EG360_SalesReportsTCs.TC_011_VerifySalesReportForCurrentMonth_SalesReturn">
    <failure type="java.lang.AssertionError" message="expected [233147.02] but found [233147.01]">
      <![CDATA[java.lang.AssertionError: expected [233147.02] but found [233147.01]
	at com.c2info.EG360_SalesReportsTCs.TC_011_VerifySalesReportForCurrentMonth_SalesReturn.verifyBranchwiseInvoiceValAfterDisc(TC_011_VerifySalesReportForCurrentMonth_SalesReturn.java:168)
... Removed 30 stack frames]]>
    </failure>
  </testcase> <!-- verifyBranchwiseInvoiceValAfterDisc -->
  <testcase name="verifyBranchwiseInvoiceValTax" time="6.477" classname="com.c2info.EG360_SalesReportsTCs.TC_011_VerifySalesReportForCurrentMonth_SalesReturn"/>
  <testcase name="verifyBranchwiseTaxAmount" time="2.926" classname="com.c2info.EG360_SalesReportsTCs.TC_011_VerifySalesReportForCurrentMonth_SalesReturn">
    <failure type="java.lang.AssertionError" message="expected [27587.76] but found [27549.14]">
      <![CDATA[java.lang.AssertionError: expected [27587.76] but found [27549.14]
	at com.c2info.EG360_SalesReportsTCs.TC_011_VerifySalesReportForCurrentMonth_SalesReturn.verifyBranchwiseTaxAmount(TC_011_VerifySalesReportForCurrentMonth_SalesReturn.java:218)
... Removed 30 stack frames]]>
    </failure>
  </testcase> <!-- verifyBranchwiseTaxAmount -->
  <testcase name="verifyBranchwiseCGSTAmount" time="6.728" classname="com.c2info.EG360_SalesReportsTCs.TC_011_VerifySalesReportForCurrentMonth_SalesReturn"/>
  <testcase name="verifyBranchwiseSGSTAmount" time="7.246" classname="com.c2info.EG360_SalesReportsTCs.TC_011_VerifySalesReportForCurrentMonth_SalesReturn"/>
  <testcase name="verifyBranchwiseIGSTAmount" time="3.228" classname="com.c2info.EG360_SalesReportsTCs.TC_011_VerifySalesReportForCurrentMonth_SalesReturn">
    <failure type="java.sql.SQLSyntaxErrorException" message="You have an error in your SQL syntax; check the manual that corresponds to your MySQL server version for the right syntax to use near &amp;apos;d_date&amp;gt;=&amp;apos;2018-08-01&amp;apos; and d_date&amp;lt;=&amp;apos;2018-08-31&amp;apos; and n_cancel_flag=0&amp;apos; at line 1">
      <![CDATA[java.sql.SQLSyntaxErrorException: You have an error in your SQL syntax; check the manual that corresponds to your MySQL server version for the right syntax to use near 'd_date>='2018-08-01' and d_date<='2018-08-31' and n_cancel_flag=0' at line 1
	at com.mysql.cj.jdbc.exceptions.SQLError.createSQLException(SQLError.java:118)
	at com.mysql.cj.jdbc.exceptions.SQLError.createSQLException(SQLError.java:95)
	at com.mysql.cj.jdbc.exceptions.SQLExceptionsMapping.translateException(SQLExceptionsMapping.java:122)
	at com.mysql.cj.jdbc.StatementImpl.executeQuery(StatementImpl.java:1247)
	at com.c2info.EG360_Database.Database.getData(Database.java:34)
	at com.c2info.EG360_SalesReportsTCs.TC_011_VerifySalesReportForCurrentMonth_SalesReturn.verifyBranchwiseIGSTAmount(TC_011_VerifySalesReportForCurrentMonth_SalesReturn.java:286)
... Removed 25 stack frames]]>
    </failure>
  </testcase> <!-- verifyBranchwiseIGSTAmount -->
  <testcase name="verifyBranchwiseCessAmount" time="7.179" classname="com.c2info.EG360_SalesReportsTCs.TC_011_VerifySalesReportForCurrentMonth_SalesReturn"/>
  <testcase name="verifyBranchwiseServiceChargeAmount" time="6.778" classname="com.c2info.EG360_SalesReportsTCs.TC_011_VerifySalesReportForCurrentMonth_SalesReturn"/>
  <testcase name="verifyBranchName" time="29.6" classname="com.c2info.EG360_SalesReportsTCs.TC_012_VerifySalesReportForLastMonth_SalesReturn"/>
  <testcase name="verifyBranchShortName" time="7.094" classname="com.c2info.EG360_SalesReportsTCs.TC_012_VerifySalesReportForLastMonth_SalesReturn"/>
  <testcase name="verifyBranchWiseNumberOfInvoices" time="6.632" classname="com.c2info.EG360_SalesReportsTCs.TC_012_VerifySalesReportForLastMonth_SalesReturn"/>
  <testcase name="verifyBranchwiseNumberOfCustomers" time="6.66" classname="com.c2info.EG360_SalesReportsTCs.TC_012_VerifySalesReportForLastMonth_SalesReturn"/>
  <testcase name="verifyBranchwiseDiscAmount" time="6.559" classname="com.c2info.EG360_SalesReportsTCs.TC_012_VerifySalesReportForLastMonth_SalesReturn"/>
  <testcase name="verifyBranchwiseInvoiceValAfterDisc" time="5.02" classname="com.c2info.EG360_SalesReportsTCs.TC_012_VerifySalesReportForLastMonth_SalesReturn">
    <failure type="java.lang.AssertionError" message="expected [1157514.08] but found [1157514.05]">
      <![CDATA[java.lang.AssertionError: expected [1157514.08] but found [1157514.05]
	at com.c2info.EG360_SalesReportsTCs.TC_012_VerifySalesReportForLastMonth_SalesReturn.verifyBranchwiseInvoiceValAfterDisc(TC_012_VerifySalesReportForLastMonth_SalesReturn.java:168)
... Removed 30 stack frames]]>
    </failure>
  </testcase> <!-- verifyBranchwiseInvoiceValAfterDisc -->
  <testcase name="verifyBranchwiseInvoiceValTax" time="6.566" classname="com.c2info.EG360_SalesReportsTCs.TC_012_VerifySalesReportForLastMonth_SalesReturn"/>
  <testcase name="verifyBranchwiseTaxAmount" time="3.027" classname="com.c2info.EG360_SalesReportsTCs.TC_012_VerifySalesReportForLastMonth_SalesReturn">
    <failure type="java.lang.AssertionError" message="expected [28592.76] but found [28586.4]">
      <![CDATA[java.lang.AssertionError: expected [28592.76] but found [28586.4]
	at com.c2info.EG360_SalesReportsTCs.TC_012_VerifySalesReportForLastMonth_SalesReturn.verifyBranchwiseTaxAmount(TC_012_VerifySalesReportForLastMonth_SalesReturn.java:218)
... Removed 30 stack frames]]>
    </failure>
  </testcase> <!-- verifyBranchwiseTaxAmount -->
  <testcase name="verifyBranchwiseCGSTAmount" time="6.548" classname="com.c2info.EG360_SalesReportsTCs.TC_012_VerifySalesReportForLastMonth_SalesReturn"/>
  <testcase name="verifyBranchwiseSGSTAmount" time="6.775" classname="com.c2info.EG360_SalesReportsTCs.TC_012_VerifySalesReportForLastMonth_SalesReturn"/>
  <testcase name="verifyBranchwiseIGSTAmount" time="3.147" classname="com.c2info.EG360_SalesReportsTCs.TC_012_VerifySalesReportForLastMonth_SalesReturn">
    <failure type="java.sql.SQLSyntaxErrorException" message="You have an error in your SQL syntax; check the manual that corresponds to your MySQL server version for the right syntax to use near &amp;apos;d_date&amp;gt;=&amp;apos;2018-07-01&amp;apos; and d_date&amp;lt;=&amp;apos;2018-07-31&amp;apos; and n_cancel_flag=0&amp;apos; at line 1">
      <![CDATA[java.sql.SQLSyntaxErrorException: You have an error in your SQL syntax; check the manual that corresponds to your MySQL server version for the right syntax to use near 'd_date>='2018-07-01' and d_date<='2018-07-31' and n_cancel_flag=0' at line 1
	at com.mysql.cj.jdbc.exceptions.SQLError.createSQLException(SQLError.java:118)
	at com.mysql.cj.jdbc.exceptions.SQLError.createSQLException(SQLError.java:95)
	at com.mysql.cj.jdbc.exceptions.SQLExceptionsMapping.translateException(SQLExceptionsMapping.java:122)
	at com.mysql.cj.jdbc.StatementImpl.executeQuery(StatementImpl.java:1247)
	at com.c2info.EG360_Database.Database.getData(Database.java:34)
	at com.c2info.EG360_SalesReportsTCs.TC_012_VerifySalesReportForLastMonth_SalesReturn.verifyBranchwiseIGSTAmount(TC_012_VerifySalesReportForLastMonth_SalesReturn.java:286)
... Removed 25 stack frames]]>
    </failure>
  </testcase> <!-- verifyBranchwiseIGSTAmount -->
  <testcase name="verifyBranchwiseCessAmount" time="6.551" classname="com.c2info.EG360_SalesReportsTCs.TC_012_VerifySalesReportForLastMonth_SalesReturn"/>
  <testcase name="verifyBranchwiseServiceChargeAmount" time="6.892" classname="com.c2info.EG360_SalesReportsTCs.TC_012_VerifySalesReportForLastMonth_SalesReturn"/>
  <testcase name="verifyBranchName" time="33.569" classname="com.c2info.EG360_SalesReportsTCs.TC_013_VerifySalesReportForCurrentQuarter_SalesReturn"/>
  <testcase name="verifyBranchShortName" time="4.853" classname="com.c2info.EG360_SalesReportsTCs.TC_013_VerifySalesReportForCurrentQuarter_SalesReturn"/>
  <testcase name="verifyBranchWiseNumberOfInvoices" time="3.434" classname="com.c2info.EG360_SalesReportsTCs.TC_013_VerifySalesReportForCurrentQuarter_SalesReturn">
    <failure type="java.lang.AssertionError" message="expected [437] but found [0]">
      <![CDATA[java.lang.AssertionError: expected [437] but found [0]
	at com.c2info.EG360_SalesReportsTCs.TC_013_VerifySalesReportForCurrentQuarter_SalesReturn.verifyBranchWiseNumberOfInvoices(TC_013_VerifySalesReportForCurrentQuarter_SalesReturn.java:95)
... Removed 31 stack frames]]>
    </failure>
  </testcase> <!-- verifyBranchWiseNumberOfInvoices -->
  <testcase name="verifyBranchwiseNumberOfCustomers" time="2.993" classname="com.c2info.EG360_SalesReportsTCs.TC_013_VerifySalesReportForCurrentQuarter_SalesReturn">
    <failure type="java.lang.AssertionError" message="expected [3] but found [0]">
      <![CDATA[java.lang.AssertionError: expected [3] but found [0]
	at com.c2info.EG360_SalesReportsTCs.TC_013_VerifySalesReportForCurrentQuarter_SalesReturn.verifyBranchwiseNumberOfCustomers(TC_013_VerifySalesReportForCurrentQuarter_SalesReturn.java:118)
... Removed 31 stack frames]]>
    </failure>
  </testcase> <!-- verifyBranchwiseNumberOfCustomers -->
  <testcase name="verifyBranchwiseDiscAmount" time="3.219" classname="com.c2info.EG360_SalesReportsTCs.TC_013_VerifySalesReportForCurrentQuarter_SalesReturn">
    <failure type="java.lang.AssertionError" message="expected [13025.57] but found [0.0]">
      <![CDATA[java.lang.AssertionError: expected [13025.57] but found [0.0]
	at com.c2info.EG360_SalesReportsTCs.TC_013_VerifySalesReportForCurrentQuarter_SalesReturn.verifyBranchwiseDiscAmount(TC_013_VerifySalesReportForCurrentQuarter_SalesReturn.java:143)
... Removed 30 stack frames]]>
    </failure>
  </testcase> <!-- verifyBranchwiseDiscAmount -->
  <testcase name="verifyBranchwiseInvoiceValAfterDisc" time="3.004" classname="com.c2info.EG360_SalesReportsTCs.TC_013_VerifySalesReportForCurrentQuarter_SalesReturn">
    <failure type="java.lang.AssertionError" message="expected [251983.98] but found [0.0]">
      <![CDATA[java.lang.AssertionError: expected [251983.98] but found [0.0]
	at com.c2info.EG360_SalesReportsTCs.TC_013_VerifySalesReportForCurrentQuarter_SalesReturn.verifyBranchwiseInvoiceValAfterDisc(TC_013_VerifySalesReportForCurrentQuarter_SalesReturn.java:168)
... Removed 30 stack frames]]>
    </failure>
  </testcase> <!-- verifyBranchwiseInvoiceValAfterDisc -->
  <testcase name="verifyBranchwiseInvoiceValTax" time="3.018" classname="com.c2info.EG360_SalesReportsTCs.TC_013_VerifySalesReportForCurrentQuarter_SalesReturn">
    <failure type="java.lang.AssertionError" message="expected [280576.74] but found [0.0]">
      <![CDATA[java.lang.AssertionError: expected [280576.74] but found [0.0]
	at com.c2info.EG360_SalesReportsTCs.TC_013_VerifySalesReportForCurrentQuarter_SalesReturn.verifyBranchwiseInvoiceValTax(TC_013_VerifySalesReportForCurrentQuarter_SalesReturn.java:193)
... Removed 30 stack frames]]>
    </failure>
  </testcase> <!-- verifyBranchwiseInvoiceValTax -->
  <testcase name="verifyBranchwiseTaxAmount" time="3.208" classname="com.c2info.EG360_SalesReportsTCs.TC_013_VerifySalesReportForCurrentQuarter_SalesReturn">
    <failure type="java.lang.AssertionError" message="expected [28592.76] but found [0.0]">
      <![CDATA[java.lang.AssertionError: expected [28592.76] but found [0.0]
	at com.c2info.EG360_SalesReportsTCs.TC_013_VerifySalesReportForCurrentQuarter_SalesReturn.verifyBranchwiseTaxAmount(TC_013_VerifySalesReportForCurrentQuarter_SalesReturn.java:218)
... Removed 30 stack frames]]>
    </failure>
  </testcase> <!-- verifyBranchwiseTaxAmount -->
  <testcase name="verifyBranchwiseCGSTAmount" time="2.902" classname="com.c2info.EG360_SalesReportsTCs.TC_013_VerifySalesReportForCurrentQuarter_SalesReturn">
    <failure type="java.lang.AssertionError" message="expected [14293.2] but found [0.0]">
      <![CDATA[java.lang.AssertionError: expected [14293.2] but found [0.0]
	at com.c2info.EG360_SalesReportsTCs.TC_013_VerifySalesReportForCurrentQuarter_SalesReturn.verifyBranchwiseCGSTAmount(TC_013_VerifySalesReportForCurrentQuarter_SalesReturn.java:243)
... Removed 30 stack frames]]>
    </failure>
  </testcase> <!-- verifyBranchwiseCGSTAmount -->
  <testcase name="verifyBranchwiseSGSTAmount" time="3.19" classname="com.c2info.EG360_SalesReportsTCs.TC_013_VerifySalesReportForCurrentQuarter_SalesReturn">
    <failure type="java.lang.AssertionError" message="expected [14293.2] but found [0.0]">
      <![CDATA[java.lang.AssertionError: expected [14293.2] but found [0.0]
	at com.c2info.EG360_SalesReportsTCs.TC_013_VerifySalesReportForCurrentQuarter_SalesReturn.verifyBranchwiseSGSTAmount(TC_013_VerifySalesReportForCurrentQuarter_SalesReturn.java:268)
... Removed 30 stack frames]]>
    </failure>
  </testcase> <!-- verifyBranchwiseSGSTAmount -->
  <testcase name="verifyBranchwiseIGSTAmount" time="2.969" classname="com.c2info.EG360_SalesReportsTCs.TC_013_VerifySalesReportForCurrentQuarter_SalesReturn">
    <failure type="java.sql.SQLSyntaxErrorException" message="You have an error in your SQL syntax; check the manual that corresponds to your MySQL server version for the right syntax to use near &amp;apos;d_date&amp;gt;=&amp;apos;2018-08-01&amp;apos; and d_date&amp;lt;=&amp;apos;2018-08-31&amp;apos; and n_cancel_flag=0&amp;apos; at line 1">
      <![CDATA[java.sql.SQLSyntaxErrorException: You have an error in your SQL syntax; check the manual that corresponds to your MySQL server version for the right syntax to use near 'd_date>='2018-08-01' and d_date<='2018-08-31' and n_cancel_flag=0' at line 1
	at com.mysql.cj.jdbc.exceptions.SQLError.createSQLException(SQLError.java:118)
	at com.mysql.cj.jdbc.exceptions.SQLError.createSQLException(SQLError.java:95)
	at com.mysql.cj.jdbc.exceptions.SQLExceptionsMapping.translateException(SQLExceptionsMapping.java:122)
	at com.mysql.cj.jdbc.StatementImpl.executeQuery(StatementImpl.java:1247)
	at com.c2info.EG360_Database.Database.getData(Database.java:34)
	at com.c2info.EG360_SalesReportsTCs.TC_013_VerifySalesReportForCurrentQuarter_SalesReturn.verifyBranchwiseIGSTAmount(TC_013_VerifySalesReportForCurrentQuarter_SalesReturn.java:286)
... Removed 25 stack frames]]>
    </failure>
  </testcase> <!-- verifyBranchwiseIGSTAmount -->
  <testcase name="verifyBranchwiseCessAmount" time="4.679" classname="com.c2info.EG360_SalesReportsTCs.TC_013_VerifySalesReportForCurrentQuarter_SalesReturn"/>
  <testcase name="verifyBranchwiseServiceChargeAmount" time="4.988" classname="com.c2info.EG360_SalesReportsTCs.TC_013_VerifySalesReportForCurrentQuarter_SalesReturn"/>
  <testcase name="verifyBranchName" time="32.108" classname="com.c2info.EG360_SalesReportsTCs.TC_014_VerifySalesReportForCurrentYear_SalesReturn"/>
  <testcase name="verifyBranchShortName" time="2.999" classname="com.c2info.EG360_SalesReportsTCs.TC_014_VerifySalesReportForCurrentYear_SalesReturn"/>
  <testcase name="verifyBranchWiseNumberOfInvoices" time="3.149" classname="com.c2info.EG360_SalesReportsTCs.TC_014_VerifySalesReportForCurrentYear_SalesReturn">
    <failure type="java.lang.AssertionError" message="expected [587] but found [2329]">
      <![CDATA[java.lang.AssertionError: expected [587] but found [2329]
	at com.c2info.EG360_SalesReportsTCs.TC_014_VerifySalesReportForCurrentYear_SalesReturn.verifyBranchWiseNumberOfInvoices(TC_014_VerifySalesReportForCurrentYear_SalesReturn.java:95)
... Removed 31 stack frames]]>
    </failure>
  </testcase> <!-- verifyBranchWiseNumberOfInvoices -->
  <testcase name="verifyBranchwiseNumberOfCustomers" time="2.994" classname="com.c2info.EG360_SalesReportsTCs.TC_014_VerifySalesReportForCurrentYear_SalesReturn">
    <failure type="java.lang.AssertionError" message="expected [3] but found [5]">
      <![CDATA[java.lang.AssertionError: expected [3] but found [5]
	at com.c2info.EG360_SalesReportsTCs.TC_014_VerifySalesReportForCurrentYear_SalesReturn.verifyBranchwiseNumberOfCustomers(TC_014_VerifySalesReportForCurrentYear_SalesReturn.java:118)
... Removed 31 stack frames]]>
    </failure>
  </testcase> <!-- verifyBranchwiseNumberOfCustomers -->
  <testcase name="verifyBranchwiseDiscAmount" time="3.278" classname="com.c2info.EG360_SalesReportsTCs.TC_014_VerifySalesReportForCurrentYear_SalesReturn">
    <failure type="java.lang.AssertionError" message="expected [18046.76] but found [89319.11]">
      <![CDATA[java.lang.AssertionError: expected [18046.76] but found [89319.11]
	at com.c2info.EG360_SalesReportsTCs.TC_014_VerifySalesReportForCurrentYear_SalesReturn.verifyBranchwiseDiscAmount(TC_014_VerifySalesReportForCurrentYear_SalesReturn.java:143)
... Removed 30 stack frames]]>
    </failure>
  </testcase> <!-- verifyBranchwiseDiscAmount -->
  <testcase name="verifyBranchwiseInvoiceValAfterDisc" time="3.304" classname="com.c2info.EG360_SalesReportsTCs.TC_014_VerifySalesReportForCurrentYear_SalesReturn">
    <failure type="java.lang.AssertionError" message="expected [323980.42] but found [1473891.92]">
      <![CDATA[java.lang.AssertionError: expected [323980.42] but found [1473891.92]
	at com.c2info.EG360_SalesReportsTCs.TC_014_VerifySalesReportForCurrentYear_SalesReturn.verifyBranchwiseInvoiceValAfterDisc(TC_014_VerifySalesReportForCurrentYear_SalesReturn.java:168)
... Removed 30 stack frames]]>
    </failure>
  </testcase> <!-- verifyBranchwiseInvoiceValAfterDisc -->
  <testcase name="verifyBranchwiseInvoiceValTax" time="3.273" classname="com.c2info.EG360_SalesReportsTCs.TC_014_VerifySalesReportForCurrentYear_SalesReturn">
    <failure type="java.lang.AssertionError" message="expected [360753.19] but found [1642916.14]">
      <![CDATA[java.lang.AssertionError: expected [360753.19] but found [1642916.14]
	at com.c2info.EG360_SalesReportsTCs.TC_014_VerifySalesReportForCurrentYear_SalesReturn.verifyBranchwiseInvoiceValTax(TC_014_VerifySalesReportForCurrentYear_SalesReturn.java:193)
... Removed 30 stack frames]]>
    </failure>
  </testcase> <!-- verifyBranchwiseInvoiceValTax -->
  <testcase name="verifyBranchwiseTaxAmount" time="3.152" classname="com.c2info.EG360_SalesReportsTCs.TC_014_VerifySalesReportForCurrentYear_SalesReturn">
    <failure type="java.lang.AssertionError" message="expected [36772.77] but found [0.0]">
      <![CDATA[java.lang.AssertionError: expected [36772.77] but found [0.0]
	at com.c2info.EG360_SalesReportsTCs.TC_014_VerifySalesReportForCurrentYear_SalesReturn.verifyBranchwiseTaxAmount(TC_014_VerifySalesReportForCurrentYear_SalesReturn.java:218)
... Removed 30 stack frames]]>
    </failure>
  </testcase> <!-- verifyBranchwiseTaxAmount -->
  <testcase name="verifyBranchwiseCGSTAmount" time="2.929" classname="com.c2info.EG360_SalesReportsTCs.TC_014_VerifySalesReportForCurrentYear_SalesReturn">
    <failure type="java.lang.AssertionError" message="expected [18331.31] but found [84308.19]">
      <![CDATA[java.lang.AssertionError: expected [18331.31] but found [84308.19]
	at com.c2info.EG360_SalesReportsTCs.TC_014_VerifySalesReportForCurrentYear_SalesReturn.verifyBranchwiseCGSTAmount(TC_014_VerifySalesReportForCurrentYear_SalesReturn.java:243)
... Removed 30 stack frames]]>
    </failure>
  </testcase> <!-- verifyBranchwiseCGSTAmount -->
  <testcase name="verifyBranchwiseSGSTAmount" time="3.209" classname="com.c2info.EG360_SalesReportsTCs.TC_014_VerifySalesReportForCurrentYear_SalesReturn">
    <failure type="java.lang.AssertionError" message="expected [18331.31] but found [84308.19]">
      <![CDATA[java.lang.AssertionError: expected [18331.31] but found [84308.19]
	at com.c2info.EG360_SalesReportsTCs.TC_014_VerifySalesReportForCurrentYear_SalesReturn.verifyBranchwiseSGSTAmount(TC_014_VerifySalesReportForCurrentYear_SalesReturn.java:268)
... Removed 30 stack frames]]>
    </failure>
  </testcase> <!-- verifyBranchwiseSGSTAmount -->
  <testcase name="verifyBranchwiseIGSTAmount" time="3.5" classname="com.c2info.EG360_SalesReportsTCs.TC_014_VerifySalesReportForCurrentYear_SalesReturn">
    <failure type="java.sql.SQLSyntaxErrorException" message="You have an error in your SQL syntax; check the manual that corresponds to your MySQL server version for the right syntax to use near &amp;apos;d_date&amp;gt;=&amp;apos;2018-01-01&amp;apos; and d_date&amp;lt;=&amp;apos;2018-12-31&amp;apos; and n_cancel_flag=0&amp;apos; at line 1">
      <![CDATA[java.sql.SQLSyntaxErrorException: You have an error in your SQL syntax; check the manual that corresponds to your MySQL server version for the right syntax to use near 'd_date>='2018-01-01' and d_date<='2018-12-31' and n_cancel_flag=0' at line 1
	at com.mysql.cj.jdbc.exceptions.SQLError.createSQLException(SQLError.java:118)
	at com.mysql.cj.jdbc.exceptions.SQLError.createSQLException(SQLError.java:95)
	at com.mysql.cj.jdbc.exceptions.SQLExceptionsMapping.translateException(SQLExceptionsMapping.java:122)
	at com.mysql.cj.jdbc.StatementImpl.executeQuery(StatementImpl.java:1247)
	at com.c2info.EG360_Database.Database.getData(Database.java:34)
	at com.c2info.EG360_SalesReportsTCs.TC_014_VerifySalesReportForCurrentYear_SalesReturn.verifyBranchwiseIGSTAmount(TC_014_VerifySalesReportForCurrentYear_SalesReturn.java:286)
... Removed 25 stack frames]]>
    </failure>
  </testcase> <!-- verifyBranchwiseIGSTAmount -->
  <testcase name="verifyBranchwiseCessAmount" time="3.007" classname="com.c2info.EG360_SalesReportsTCs.TC_014_VerifySalesReportForCurrentYear_SalesReturn">
    <failure type="java.lang.AssertionError" message="expected [6.69] but found [30.18]">
      <![CDATA[java.lang.AssertionError: expected [6.69] but found [30.18]
	at com.c2info.EG360_SalesReportsTCs.TC_014_VerifySalesReportForCurrentYear_SalesReturn.verifyBranchwiseCessAmount(TC_014_VerifySalesReportForCurrentYear_SalesReturn.java:318)
... Removed 30 stack frames]]>
    </failure>
  </testcase> <!-- verifyBranchwiseCessAmount -->
  <testcase name="verifyBranchwiseServiceChargeAmount" time="3.239" classname="com.c2info.EG360_SalesReportsTCs.TC_014_VerifySalesReportForCurrentYear_SalesReturn"/>
</testsuite> <!-- Test -->
