<?xml version="1.0" encoding="UTF-8"?>
<testng-results skipped="0" failed="1" ignored="0" total="13" passed="12">
  <reporter-output>
  </reporter-output>
  <suite name="Default suite" duration-ms="780810" started-at="2018-08-03T10:29:23Z" finished-at="2018-08-03T10:42:24Z">
    <groups>
    </groups>
    <test name="Default test" duration-ms="780810" started-at="2018-08-03T10:29:23Z" finished-at="2018-08-03T10:42:24Z">
      <class name="com.c2info.EG360_SalesReportsTCs.VerifySalesReportForYesterday">
        <test-method status="PASS" signature="setup()[pri:0, instance:com.c2info.EG360_SalesReportsTCs.VerifySalesReportForYesterday@c46bcd4]" name="setup" is-config="true" duration-ms="12152" started-at="2018-08-03T15:59:23Z" finished-at="2018-08-03T15:59:35Z">
          <reporter-output>
          </reporter-output>
        </test-method> <!-- setup -->
        <test-method status="PASS" signature="beforeMethod(java.lang.reflect.Method)[pri:0, instance:com.c2info.EG360_SalesReportsTCs.VerifySalesReportForYesterday@c46bcd4]" name="beforeMethod" is-config="true" duration-ms="4" started-at="2018-08-03T15:59:35Z" finished-at="2018-08-03T15:59:35Z">
          <params>
            <param index="0">
              <value>
                <![CDATA[public void com.c2info.EG360_SalesReportsTCs.VerifySalesReportForYesterday.verifyBranchName() throws java.lang.InterruptedException,java.sql.SQLException]]>
              </value>
            </param>
          </params>
          <reporter-output>
          </reporter-output>
        </test-method> <!-- beforeMethod -->
        <test-method status="PASS" signature="verifyBranchName()[pri:1, instance:com.c2info.EG360_SalesReportsTCs.VerifySalesReportForYesterday@c46bcd4]" name="verifyBranchName" duration-ms="96333" started-at="2018-08-03T15:59:35Z" finished-at="2018-08-03T16:01:11Z">
          <reporter-output>
          </reporter-output>
        </test-method> <!-- verifyBranchName -->
        <test-method status="PASS" signature="afterMethod(org.testng.ITestResult)[pri:0, instance:com.c2info.EG360_SalesReportsTCs.VerifySalesReportForYesterday@c46bcd4]" name="afterMethod" is-config="true" duration-ms="2" started-at="2018-08-03T16:01:11Z" finished-at="2018-08-03T16:01:11Z">
          <params>
            <param index="0">
              <value>
                <![CDATA[[TestResult name=verifyBranchName status=SUCCESS method=VerifySalesReportForYesterday.verifyBranchName()[pri:1, instance:com.c2info.EG360_SalesReportsTCs.VerifySalesReportForYesterday@c46bcd4] output={null}]]]>
              </value>
            </param>
          </params>
          <reporter-output>
          </reporter-output>
        </test-method> <!-- afterMethod -->
        <test-method status="PASS" signature="beforeMethod(java.lang.reflect.Method)[pri:0, instance:com.c2info.EG360_SalesReportsTCs.VerifySalesReportForYesterday@c46bcd4]" name="beforeMethod" is-config="true" duration-ms="1" started-at="2018-08-03T16:01:11Z" finished-at="2018-08-03T16:01:11Z">
          <params>
            <param index="0">
              <value>
                <![CDATA[public void com.c2info.EG360_SalesReportsTCs.VerifySalesReportForYesterday.verifyBranchShortName() throws java.lang.InterruptedException,java.sql.SQLException]]>
              </value>
            </param>
          </params>
          <reporter-output>
          </reporter-output>
        </test-method> <!-- beforeMethod -->
        <test-method status="PASS" signature="verifyBranchShortName()[pri:2, instance:com.c2info.EG360_SalesReportsTCs.VerifySalesReportForYesterday@c46bcd4]" name="verifyBranchShortName" duration-ms="66860" started-at="2018-08-03T16:01:11Z" finished-at="2018-08-03T16:02:18Z">
          <reporter-output>
          </reporter-output>
        </test-method> <!-- verifyBranchShortName -->
        <test-method status="PASS" signature="afterMethod(org.testng.ITestResult)[pri:0, instance:com.c2info.EG360_SalesReportsTCs.VerifySalesReportForYesterday@c46bcd4]" name="afterMethod" is-config="true" duration-ms="1" started-at="2018-08-03T16:02:18Z" finished-at="2018-08-03T16:02:18Z">
          <params>
            <param index="0">
              <value>
                <![CDATA[[TestResult name=verifyBranchShortName status=SUCCESS method=VerifySalesReportForYesterday.verifyBranchShortName()[pri:2, instance:com.c2info.EG360_SalesReportsTCs.VerifySalesReportForYesterday@c46bcd4] output={null}]]]>
              </value>
            </param>
          </params>
          <reporter-output>
          </reporter-output>
        </test-method> <!-- afterMethod -->
        <test-method status="PASS" signature="beforeMethod(java.lang.reflect.Method)[pri:0, instance:com.c2info.EG360_SalesReportsTCs.VerifySalesReportForYesterday@c46bcd4]" name="beforeMethod" is-config="true" duration-ms="1" started-at="2018-08-03T16:02:18Z" finished-at="2018-08-03T16:02:18Z">
          <params>
            <param index="0">
              <value>
                <![CDATA[public void com.c2info.EG360_SalesReportsTCs.VerifySalesReportForYesterday.verifyBranchWiseNumberOfInvoices() throws java.lang.InterruptedException,java.sql.SQLException]]>
              </value>
            </param>
          </params>
          <reporter-output>
          </reporter-output>
        </test-method> <!-- beforeMethod -->
        <test-method status="PASS" signature="verifyBranchWiseNumberOfInvoices()[pri:3, instance:com.c2info.EG360_SalesReportsTCs.VerifySalesReportForYesterday@c46bcd4]" name="verifyBranchWiseNumberOfInvoices" duration-ms="58985" started-at="2018-08-03T16:02:18Z" finished-at="2018-08-03T16:03:17Z">
          <reporter-output>
          </reporter-output>
        </test-method> <!-- verifyBranchWiseNumberOfInvoices -->
        <test-method status="PASS" signature="afterMethod(org.testng.ITestResult)[pri:0, instance:com.c2info.EG360_SalesReportsTCs.VerifySalesReportForYesterday@c46bcd4]" name="afterMethod" is-config="true" duration-ms="1" started-at="2018-08-03T16:03:17Z" finished-at="2018-08-03T16:03:17Z">
          <params>
            <param index="0">
              <value>
                <![CDATA[[TestResult name=verifyBranchWiseNumberOfInvoices status=SUCCESS method=VerifySalesReportForYesterday.verifyBranchWiseNumberOfInvoices()[pri:3, instance:com.c2info.EG360_SalesReportsTCs.VerifySalesReportForYesterday@c46bcd4] output={null}]]]>
              </value>
            </param>
          </params>
          <reporter-output>
          </reporter-output>
        </test-method> <!-- afterMethod -->
        <test-method status="PASS" signature="beforeMethod(java.lang.reflect.Method)[pri:0, instance:com.c2info.EG360_SalesReportsTCs.VerifySalesReportForYesterday@c46bcd4]" name="beforeMethod" is-config="true" duration-ms="1" started-at="2018-08-03T16:03:17Z" finished-at="2018-08-03T16:03:17Z">
          <params>
            <param index="0">
              <value>
                <![CDATA[public void com.c2info.EG360_SalesReportsTCs.VerifySalesReportForYesterday.verifyBranchwiseNumberOfCustomers() throws java.lang.InterruptedException,java.sql.SQLException]]>
              </value>
            </param>
          </params>
          <reporter-output>
          </reporter-output>
        </test-method> <!-- beforeMethod -->
        <test-method status="PASS" signature="verifyBranchwiseNumberOfCustomers()[pri:4, instance:com.c2info.EG360_SalesReportsTCs.VerifySalesReportForYesterday@c46bcd4]" name="verifyBranchwiseNumberOfCustomers" duration-ms="59425" started-at="2018-08-03T16:03:17Z" finished-at="2018-08-03T16:04:17Z">
          <reporter-output>
          </reporter-output>
        </test-method> <!-- verifyBranchwiseNumberOfCustomers -->
        <test-method status="PASS" signature="afterMethod(org.testng.ITestResult)[pri:0, instance:com.c2info.EG360_SalesReportsTCs.VerifySalesReportForYesterday@c46bcd4]" name="afterMethod" is-config="true" duration-ms="0" started-at="2018-08-03T16:04:17Z" finished-at="2018-08-03T16:04:17Z">
          <params>
            <param index="0">
              <value>
                <![CDATA[[TestResult name=verifyBranchwiseNumberOfCustomers status=SUCCESS method=VerifySalesReportForYesterday.verifyBranchwiseNumberOfCustomers()[pri:4, instance:com.c2info.EG360_SalesReportsTCs.VerifySalesReportForYesterday@c46bcd4] output={null}]]]>
              </value>
            </param>
          </params>
          <reporter-output>
          </reporter-output>
        </test-method> <!-- afterMethod -->
        <test-method status="PASS" signature="beforeMethod(java.lang.reflect.Method)[pri:0, instance:com.c2info.EG360_SalesReportsTCs.VerifySalesReportForYesterday@c46bcd4]" name="beforeMethod" is-config="true" duration-ms="1" started-at="2018-08-03T16:04:17Z" finished-at="2018-08-03T16:04:17Z">
          <params>
            <param index="0">
              <value>
                <![CDATA[public void com.c2info.EG360_SalesReportsTCs.VerifySalesReportForYesterday.verifyBranchwiseDiscAmount() throws java.lang.InterruptedException,java.sql.SQLException]]>
              </value>
            </param>
          </params>
          <reporter-output>
          </reporter-output>
        </test-method> <!-- beforeMethod -->
        <test-method status="PASS" signature="verifyBranchwiseDiscAmount()[pri:5, instance:com.c2info.EG360_SalesReportsTCs.VerifySalesReportForYesterday@c46bcd4]" name="verifyBranchwiseDiscAmount" duration-ms="60290" started-at="2018-08-03T16:04:17Z" finished-at="2018-08-03T16:05:17Z">
          <reporter-output>
          </reporter-output>
        </test-method> <!-- verifyBranchwiseDiscAmount -->
        <test-method status="PASS" signature="afterMethod(org.testng.ITestResult)[pri:0, instance:com.c2info.EG360_SalesReportsTCs.VerifySalesReportForYesterday@c46bcd4]" name="afterMethod" is-config="true" duration-ms="1" started-at="2018-08-03T16:05:17Z" finished-at="2018-08-03T16:05:17Z">
          <params>
            <param index="0">
              <value>
                <![CDATA[[TestResult name=verifyBranchwiseDiscAmount status=SUCCESS method=VerifySalesReportForYesterday.verifyBranchwiseDiscAmount()[pri:5, instance:com.c2info.EG360_SalesReportsTCs.VerifySalesReportForYesterday@c46bcd4] output={null}]]]>
              </value>
            </param>
          </params>
          <reporter-output>
          </reporter-output>
        </test-method> <!-- afterMethod -->
        <test-method status="PASS" signature="beforeMethod(java.lang.reflect.Method)[pri:0, instance:com.c2info.EG360_SalesReportsTCs.VerifySalesReportForYesterday@c46bcd4]" name="beforeMethod" is-config="true" duration-ms="1" started-at="2018-08-03T16:05:17Z" finished-at="2018-08-03T16:05:17Z">
          <params>
            <param index="0">
              <value>
                <![CDATA[public void com.c2info.EG360_SalesReportsTCs.VerifySalesReportForYesterday.verifyBranchwiseInvoiceValAfterDisc() throws java.lang.InterruptedException,java.sql.SQLException]]>
              </value>
            </param>
          </params>
          <reporter-output>
          </reporter-output>
        </test-method> <!-- beforeMethod -->
        <test-method status="FAIL" signature="verifyBranchwiseInvoiceValAfterDisc()[pri:6, instance:com.c2info.EG360_SalesReportsTCs.VerifySalesReportForYesterday@c46bcd4]" name="verifyBranchwiseInvoiceValAfterDisc" duration-ms="9387" started-at="2018-08-03T16:05:17Z" finished-at="2018-08-03T16:05:26Z">
          <exception class="java.lang.AssertionError">
            <message>
              <![CDATA[expected [20665.49] but found [20665.41]]]>
            </message>
            <full-stacktrace>
              <![CDATA[java.lang.AssertionError: expected [20665.49] but found [20665.41]
	at org.testng.Assert.fail(Assert.java:93)
	at org.testng.Assert.failNotEquals(Assert.java:512)
	at org.testng.Assert.assertEqualsImpl(Assert.java:134)
	at org.testng.Assert.assertEquals(Assert.java:115)
	at org.testng.Assert.assertEquals(Assert.java:178)
	at com.c2info.EG360_SalesReportsTCs.VerifySalesReportForYesterday.verifyBranchwiseInvoiceValAfterDisc(VerifySalesReportForYesterday.java:174)
	at sun.reflect.NativeMethodAccessorImpl.invoke0(Native Method)
	at sun.reflect.NativeMethodAccessorImpl.invoke(NativeMethodAccessorImpl.java:62)
	at sun.reflect.DelegatingMethodAccessorImpl.invoke(DelegatingMethodAccessorImpl.java:43)
	at java.lang.reflect.Method.invoke(Method.java:498)
	at org.testng.internal.MethodInvocationHelper.invokeMethod(MethodInvocationHelper.java:108)
	at org.testng.internal.Invoker.invokeMethod(Invoker.java:661)
	at org.testng.internal.Invoker.invokeTestMethod(Invoker.java:869)
	at org.testng.internal.Invoker.invokeTestMethods(Invoker.java:1193)
	at org.testng.internal.TestMethodWorker.invokeTestMethods(TestMethodWorker.java:126)
	at org.testng.internal.TestMethodWorker.run(TestMethodWorker.java:109)
	at org.testng.TestRunner.privateRun(TestRunner.java:744)
	at org.testng.TestRunner.run(TestRunner.java:602)
	at org.testng.SuiteRunner.runTest(SuiteRunner.java:380)
	at org.testng.SuiteRunner.runSequentially(SuiteRunner.java:375)
	at org.testng.SuiteRunner.privateRun(SuiteRunner.java:340)
	at org.testng.SuiteRunner.run(SuiteRunner.java:289)
	at org.testng.SuiteRunnerWorker.runSuite(SuiteRunnerWorker.java:52)
	at org.testng.SuiteRunnerWorker.run(SuiteRunnerWorker.java:86)
	at org.testng.TestNG.runSuitesSequentially(TestNG.java:1301)
	at org.testng.TestNG.runSuitesLocally(TestNG.java:1226)
	at org.testng.TestNG.runSuites(TestNG.java:1144)
	at org.testng.TestNG.run(TestNG.java:1115)
	at org.testng.remote.AbstractRemoteTestNG.run(AbstractRemoteTestNG.java:114)
	at org.testng.remote.RemoteTestNG.initAndRun(RemoteTestNG.java:251)
	at org.testng.remote.RemoteTestNG.main(RemoteTestNG.java:77)
]]>
            </full-stacktrace>
          </exception> <!-- java.lang.AssertionError -->
          <reporter-output>
          </reporter-output>
        </test-method> <!-- verifyBranchwiseInvoiceValAfterDisc -->
        <test-method status="PASS" signature="afterMethod(org.testng.ITestResult)[pri:0, instance:com.c2info.EG360_SalesReportsTCs.VerifySalesReportForYesterday@c46bcd4]" name="afterMethod" is-config="true" duration-ms="1" started-at="2018-08-03T16:05:26Z" finished-at="2018-08-03T16:05:26Z">
          <params>
            <param index="0">
              <value>
                <![CDATA[[TestResult name=verifyBranchwiseInvoiceValAfterDisc status=FAILURE method=VerifySalesReportForYesterday.verifyBranchwiseInvoiceValAfterDisc()[pri:6, instance:com.c2info.EG360_SalesReportsTCs.VerifySalesReportForYesterday@c46bcd4] output={null}]]]>
              </value>
            </param>
          </params>
          <reporter-output>
          </reporter-output>
        </test-method> <!-- afterMethod -->
        <test-method status="PASS" signature="beforeMethod(java.lang.reflect.Method)[pri:0, instance:com.c2info.EG360_SalesReportsTCs.VerifySalesReportForYesterday@c46bcd4]" name="beforeMethod" is-config="true" duration-ms="2" started-at="2018-08-03T16:05:26Z" finished-at="2018-08-03T16:05:26Z">
          <params>
            <param index="0">
              <value>
                <![CDATA[public void com.c2info.EG360_SalesReportsTCs.VerifySalesReportForYesterday.verifyBranchwiseInvoiceValTax() throws java.lang.InterruptedException,java.sql.SQLException]]>
              </value>
            </param>
          </params>
          <reporter-output>
          </reporter-output>
        </test-method> <!-- beforeMethod -->
        <test-method status="PASS" signature="verifyBranchwiseInvoiceValTax()[pri:7, instance:com.c2info.EG360_SalesReportsTCs.VerifySalesReportForYesterday@c46bcd4]" name="verifyBranchwiseInvoiceValTax" duration-ms="60611" started-at="2018-08-03T16:05:26Z" finished-at="2018-08-03T16:06:27Z">
          <reporter-output>
          </reporter-output>
        </test-method> <!-- verifyBranchwiseInvoiceValTax -->
        <test-method status="PASS" signature="afterMethod(org.testng.ITestResult)[pri:0, instance:com.c2info.EG360_SalesReportsTCs.VerifySalesReportForYesterday@c46bcd4]" name="afterMethod" is-config="true" duration-ms="1" started-at="2018-08-03T16:06:27Z" finished-at="2018-08-03T16:06:27Z">
          <params>
            <param index="0">
              <value>
                <![CDATA[[TestResult name=verifyBranchwiseInvoiceValTax status=SUCCESS method=VerifySalesReportForYesterday.verifyBranchwiseInvoiceValTax()[pri:7, instance:com.c2info.EG360_SalesReportsTCs.VerifySalesReportForYesterday@c46bcd4] output={null}]]]>
              </value>
            </param>
          </params>
          <reporter-output>
          </reporter-output>
        </test-method> <!-- afterMethod -->
        <test-method status="PASS" signature="beforeMethod(java.lang.reflect.Method)[pri:0, instance:com.c2info.EG360_SalesReportsTCs.VerifySalesReportForYesterday@c46bcd4]" name="beforeMethod" is-config="true" duration-ms="5" started-at="2018-08-03T16:06:27Z" finished-at="2018-08-03T16:06:27Z">
          <params>
            <param index="0">
              <value>
                <![CDATA[public void com.c2info.EG360_SalesReportsTCs.VerifySalesReportForYesterday.verifyBranchwiseTaxAmount() throws java.lang.InterruptedException,java.sql.SQLException]]>
              </value>
            </param>
          </params>
          <reporter-output>
          </reporter-output>
        </test-method> <!-- beforeMethod -->
        <test-method status="PASS" signature="verifyBranchwiseTaxAmount()[pri:8, instance:com.c2info.EG360_SalesReportsTCs.VerifySalesReportForYesterday@c46bcd4]" name="verifyBranchwiseTaxAmount" duration-ms="57957" started-at="2018-08-03T16:06:27Z" finished-at="2018-08-03T16:07:25Z">
          <reporter-output>
          </reporter-output>
        </test-method> <!-- verifyBranchwiseTaxAmount -->
        <test-method status="PASS" signature="afterMethod(org.testng.ITestResult)[pri:0, instance:com.c2info.EG360_SalesReportsTCs.VerifySalesReportForYesterday@c46bcd4]" name="afterMethod" is-config="true" duration-ms="1" started-at="2018-08-03T16:07:25Z" finished-at="2018-08-03T16:07:25Z">
          <params>
            <param index="0">
              <value>
                <![CDATA[[TestResult name=verifyBranchwiseTaxAmount status=SUCCESS method=VerifySalesReportForYesterday.verifyBranchwiseTaxAmount()[pri:8, instance:com.c2info.EG360_SalesReportsTCs.VerifySalesReportForYesterday@c46bcd4] output={null}]]]>
              </value>
            </param>
          </params>
          <reporter-output>
          </reporter-output>
        </test-method> <!-- afterMethod -->
        <test-method status="PASS" signature="beforeMethod(java.lang.reflect.Method)[pri:0, instance:com.c2info.EG360_SalesReportsTCs.VerifySalesReportForYesterday@c46bcd4]" name="beforeMethod" is-config="true" duration-ms="1" started-at="2018-08-03T16:07:25Z" finished-at="2018-08-03T16:07:25Z">
          <params>
            <param index="0">
              <value>
                <![CDATA[public void com.c2info.EG360_SalesReportsTCs.VerifySalesReportForYesterday.verifyBranchwiseCGSTAmount() throws java.lang.InterruptedException,java.sql.SQLException]]>
              </value>
            </param>
          </params>
          <reporter-output>
          </reporter-output>
        </test-method> <!-- beforeMethod -->
        <test-method status="PASS" signature="verifyBranchwiseCGSTAmount()[pri:9, instance:com.c2info.EG360_SalesReportsTCs.VerifySalesReportForYesterday@c46bcd4]" name="verifyBranchwiseCGSTAmount" duration-ms="61005" started-at="2018-08-03T16:07:25Z" finished-at="2018-08-03T16:08:26Z">
          <reporter-output>
          </reporter-output>
        </test-method> <!-- verifyBranchwiseCGSTAmount -->
        <test-method status="PASS" signature="afterMethod(org.testng.ITestResult)[pri:0, instance:com.c2info.EG360_SalesReportsTCs.VerifySalesReportForYesterday@c46bcd4]" name="afterMethod" is-config="true" duration-ms="1" started-at="2018-08-03T16:08:26Z" finished-at="2018-08-03T16:08:26Z">
          <params>
            <param index="0">
              <value>
                <![CDATA[[TestResult name=verifyBranchwiseCGSTAmount status=SUCCESS method=VerifySalesReportForYesterday.verifyBranchwiseCGSTAmount()[pri:9, instance:com.c2info.EG360_SalesReportsTCs.VerifySalesReportForYesterday@c46bcd4] output={null}]]]>
              </value>
            </param>
          </params>
          <reporter-output>
          </reporter-output>
        </test-method> <!-- afterMethod -->
        <test-method status="PASS" signature="beforeMethod(java.lang.reflect.Method)[pri:0, instance:com.c2info.EG360_SalesReportsTCs.VerifySalesReportForYesterday@c46bcd4]" name="beforeMethod" is-config="true" duration-ms="1" started-at="2018-08-03T16:08:26Z" finished-at="2018-08-03T16:08:26Z">
          <params>
            <param index="0">
              <value>
                <![CDATA[public void com.c2info.EG360_SalesReportsTCs.VerifySalesReportForYesterday.verifyBranchwiseSGSTAmount() throws java.lang.InterruptedException,java.sql.SQLException]]>
              </value>
            </param>
          </params>
          <reporter-output>
          </reporter-output>
        </test-method> <!-- beforeMethod -->
        <test-method status="PASS" signature="verifyBranchwiseSGSTAmount()[pri:10, instance:com.c2info.EG360_SalesReportsTCs.VerifySalesReportForYesterday@c46bcd4]" name="verifyBranchwiseSGSTAmount" duration-ms="60374" started-at="2018-08-03T16:08:26Z" finished-at="2018-08-03T16:09:26Z">
          <reporter-output>
          </reporter-output>
        </test-method> <!-- verifyBranchwiseSGSTAmount -->
        <test-method status="PASS" signature="afterMethod(org.testng.ITestResult)[pri:0, instance:com.c2info.EG360_SalesReportsTCs.VerifySalesReportForYesterday@c46bcd4]" name="afterMethod" is-config="true" duration-ms="2" started-at="2018-08-03T16:09:26Z" finished-at="2018-08-03T16:09:26Z">
          <params>
            <param index="0">
              <value>
                <![CDATA[[TestResult name=verifyBranchwiseSGSTAmount status=SUCCESS method=VerifySalesReportForYesterday.verifyBranchwiseSGSTAmount()[pri:10, instance:com.c2info.EG360_SalesReportsTCs.VerifySalesReportForYesterday@c46bcd4] output={null}]]]>
              </value>
            </param>
          </params>
          <reporter-output>
          </reporter-output>
        </test-method> <!-- afterMethod -->
        <test-method status="PASS" signature="beforeMethod(java.lang.reflect.Method)[pri:0, instance:com.c2info.EG360_SalesReportsTCs.VerifySalesReportForYesterday@c46bcd4]" name="beforeMethod" is-config="true" duration-ms="4" started-at="2018-08-03T16:09:26Z" finished-at="2018-08-03T16:09:26Z">
          <params>
            <param index="0">
              <value>
                <![CDATA[public void com.c2info.EG360_SalesReportsTCs.VerifySalesReportForYesterday.verifyBranchwiseIGSTAmount() throws java.lang.InterruptedException,java.sql.SQLException]]>
              </value>
            </param>
          </params>
          <reporter-output>
          </reporter-output>
        </test-method> <!-- beforeMethod -->
        <test-method status="PASS" signature="verifyBranchwiseIGSTAmount()[pri:11, instance:com.c2info.EG360_SalesReportsTCs.VerifySalesReportForYesterday@c46bcd4]" name="verifyBranchwiseIGSTAmount" duration-ms="58249" started-at="2018-08-03T16:09:26Z" finished-at="2018-08-03T16:10:24Z">
          <reporter-output>
          </reporter-output>
        </test-method> <!-- verifyBranchwiseIGSTAmount -->
        <test-method status="PASS" signature="afterMethod(org.testng.ITestResult)[pri:0, instance:com.c2info.EG360_SalesReportsTCs.VerifySalesReportForYesterday@c46bcd4]" name="afterMethod" is-config="true" duration-ms="1" started-at="2018-08-03T16:10:24Z" finished-at="2018-08-03T16:10:24Z">
          <params>
            <param index="0">
              <value>
                <![CDATA[[TestResult name=verifyBranchwiseIGSTAmount status=SUCCESS method=VerifySalesReportForYesterday.verifyBranchwiseIGSTAmount()[pri:11, instance:com.c2info.EG360_SalesReportsTCs.VerifySalesReportForYesterday@c46bcd4] output={null}]]]>
              </value>
            </param>
          </params>
          <reporter-output>
          </reporter-output>
        </test-method> <!-- afterMethod -->
        <test-method status="PASS" signature="beforeMethod(java.lang.reflect.Method)[pri:0, instance:com.c2info.EG360_SalesReportsTCs.VerifySalesReportForYesterday@c46bcd4]" name="beforeMethod" is-config="true" duration-ms="3" started-at="2018-08-03T16:10:24Z" finished-at="2018-08-03T16:10:24Z">
          <params>
            <param index="0">
              <value>
                <![CDATA[public void com.c2info.EG360_SalesReportsTCs.VerifySalesReportForYesterday.verifyBranchwiseCessAmount() throws java.lang.InterruptedException,java.sql.SQLException]]>
              </value>
            </param>
          </params>
          <reporter-output>
          </reporter-output>
        </test-method> <!-- beforeMethod -->
        <test-method status="PASS" signature="verifyBranchwiseCessAmount()[pri:12, instance:com.c2info.EG360_SalesReportsTCs.VerifySalesReportForYesterday@c46bcd4]" name="verifyBranchwiseCessAmount" duration-ms="59265" started-at="2018-08-03T16:10:24Z" finished-at="2018-08-03T16:11:24Z">
          <reporter-output>
          </reporter-output>
        </test-method> <!-- verifyBranchwiseCessAmount -->
        <test-method status="PASS" signature="afterMethod(org.testng.ITestResult)[pri:0, instance:com.c2info.EG360_SalesReportsTCs.VerifySalesReportForYesterday@c46bcd4]" name="afterMethod" is-config="true" duration-ms="4" started-at="2018-08-03T16:11:24Z" finished-at="2018-08-03T16:11:24Z">
          <params>
            <param index="0">
              <value>
                <![CDATA[[TestResult name=verifyBranchwiseCessAmount status=SUCCESS method=VerifySalesReportForYesterday.verifyBranchwiseCessAmount()[pri:12, instance:com.c2info.EG360_SalesReportsTCs.VerifySalesReportForYesterday@c46bcd4] output={null}]]]>
              </value>
            </param>
          </params>
          <reporter-output>
          </reporter-output>
        </test-method> <!-- afterMethod -->
        <test-method status="PASS" signature="beforeMethod(java.lang.reflect.Method)[pri:0, instance:com.c2info.EG360_SalesReportsTCs.VerifySalesReportForYesterday@c46bcd4]" name="beforeMethod" is-config="true" duration-ms="1" started-at="2018-08-03T16:11:24Z" finished-at="2018-08-03T16:11:24Z">
          <params>
            <param index="0">
              <value>
                <![CDATA[public void com.c2info.EG360_SalesReportsTCs.VerifySalesReportForYesterday.verifyBranchwiseServiceChargeAmount() throws java.lang.InterruptedException,java.sql.SQLException]]>
              </value>
            </param>
          </params>
          <reporter-output>
          </reporter-output>
        </test-method> <!-- beforeMethod -->
        <test-method status="PASS" signature="verifyBranchwiseServiceChargeAmount()[pri:13, instance:com.c2info.EG360_SalesReportsTCs.VerifySalesReportForYesterday@c46bcd4]" name="verifyBranchwiseServiceChargeAmount" duration-ms="59101" started-at="2018-08-03T16:11:24Z" finished-at="2018-08-03T16:12:23Z">
          <reporter-output>
          </reporter-output>
        </test-method> <!-- verifyBranchwiseServiceChargeAmount -->
        <test-method status="PASS" signature="afterMethod(org.testng.ITestResult)[pri:0, instance:com.c2info.EG360_SalesReportsTCs.VerifySalesReportForYesterday@c46bcd4]" name="afterMethod" is-config="true" duration-ms="1" started-at="2018-08-03T16:12:23Z" finished-at="2018-08-03T16:12:23Z">
          <params>
            <param index="0">
              <value>
                <![CDATA[[TestResult name=verifyBranchwiseServiceChargeAmount status=SUCCESS method=VerifySalesReportForYesterday.verifyBranchwiseServiceChargeAmount()[pri:13, instance:com.c2info.EG360_SalesReportsTCs.VerifySalesReportForYesterday@c46bcd4] output={null}]]]>
              </value>
            </param>
          </params>
          <reporter-output>
          </reporter-output>
        </test-method> <!-- afterMethod -->
        <test-method status="PASS" signature="endTest()[pri:0, instance:com.c2info.EG360_SalesReportsTCs.VerifySalesReportForYesterday@c46bcd4]" name="endTest" is-config="true" duration-ms="715" started-at="2018-08-03T16:12:23Z" finished-at="2018-08-03T16:12:24Z">
          <reporter-output>
          </reporter-output>
        </test-method> <!-- endTest -->
      </class> <!-- com.c2info.EG360_SalesReportsTCs.VerifySalesReportForYesterday -->
    </test> <!-- Default test -->
  </suite> <!-- Default suite -->
</testng-results>
