<?xml version="1.0" encoding="UTF-8"?>
<testng-results skipped="0" failed="0" ignored="0" total="1" passed="1">
  <reporter-output>
  </reporter-output>
  <suite name="Default suite" duration-ms="116334" started-at="2018-08-02T16:08:14Z" finished-at="2018-08-02T16:10:10Z">
    <groups>
    </groups>
    <test name="Default test" duration-ms="116334" started-at="2018-08-02T16:08:14Z" finished-at="2018-08-02T16:10:10Z">
      <class name="com.c2info.EG360_SalesReportsTCs.VerifySalesReport">
        <test-method status="PASS" signature="setup()[pri:0, instance:com.c2info.EG360_SalesReportsTCs.VerifySalesReport@1a8a8f7c]" name="setup" is-config="true" duration-ms="17296" started-at="2018-08-02T21:38:14Z" finished-at="2018-08-02T21:38:31Z">
          <reporter-output>
          </reporter-output>
        </test-method> <!-- setup -->
        <test-method status="PASS" signature="beforeMethod(java.lang.reflect.Method)[pri:0, instance:com.c2info.EG360_SalesReportsTCs.VerifySalesReport@1a8a8f7c]" name="beforeMethod" is-config="true" duration-ms="8" started-at="2018-08-02T21:38:31Z" finished-at="2018-08-02T21:38:31Z">
          <params>
            <param index="0">
              <value>
                <![CDATA[public void com.c2info.EG360_SalesReportsTCs.VerifySalesReport.verifyBranchWiseNumberOfInvoices() throws java.lang.InterruptedException]]>
              </value>
            </param>
          </params>
          <reporter-output>
          </reporter-output>
        </test-method> <!-- beforeMethod -->
        <test-method status="PASS" signature="verifyBranchWiseNumberOfInvoices()[pri:0, instance:com.c2info.EG360_SalesReportsTCs.VerifySalesReport@1a8a8f7c]" name="verifyBranchWiseNumberOfInvoices" duration-ms="97647" started-at="2018-08-02T21:38:31Z" finished-at="2018-08-02T21:40:09Z">
          <reporter-output>
          </reporter-output>
        </test-method> <!-- verifyBranchWiseNumberOfInvoices -->
        <test-method status="PASS" signature="afterMethod(org.testng.ITestResult)[pri:0, instance:com.c2info.EG360_SalesReportsTCs.VerifySalesReport@1a8a8f7c]" name="afterMethod" is-config="true" duration-ms="1" started-at="2018-08-02T21:40:09Z" finished-at="2018-08-02T21:40:09Z">
          <params>
            <param index="0">
              <value>
                <![CDATA[[TestResult name=verifyBranchWiseNumberOfInvoices status=SUCCESS method=VerifySalesReport.verifyBranchWiseNumberOfInvoices()[pri:0, instance:com.c2info.EG360_SalesReportsTCs.VerifySalesReport@1a8a8f7c] output={null}]]]>
              </value>
            </param>
          </params>
          <reporter-output>
          </reporter-output>
        </test-method> <!-- afterMethod -->
        <test-method status="PASS" signature="endTest()[pri:0, instance:com.c2info.EG360_SalesReportsTCs.VerifySalesReport@1a8a8f7c]" name="endTest" is-config="true" duration-ms="1313" started-at="2018-08-02T21:40:09Z" finished-at="2018-08-02T21:40:10Z">
          <reporter-output>
          </reporter-output>
        </test-method> <!-- endTest -->
      </class> <!-- com.c2info.EG360_SalesReportsTCs.VerifySalesReport -->
    </test> <!-- Default test -->
  </suite> <!-- Default suite -->
</testng-results>
